[2017-02-10T16:53:23,915][INFO ][o.e.n.Node               ] [] initializing ...
[2017-02-10T16:53:24,109][INFO ][o.e.e.NodeEnvironment    ] [PtNw1GT] using [1] data paths, mounts [[/ (/dev/disk0s2)]], net usable_space [35.4gb], net total_space [232.9gb], spins? [unknown], types [hfs]
[2017-02-10T16:53:24,110][INFO ][o.e.e.NodeEnvironment    ] [PtNw1GT] heap size [1.9gb], compressed ordinary object pointers [true]
[2017-02-10T16:53:24,112][INFO ][o.e.n.Node               ] node name [PtNw1GT] derived from node ID [PtNw1GTpRdiP6ud6MWhDpw]; set [node.name] to override
[2017-02-10T16:53:24,116][INFO ][o.e.n.Node               ] version[5.2.0], pid[13715], build[24e05b9/2017-01-24T19:52:35.800Z], OS[Mac OS X/10.12.3/x86_64], JVM[Oracle Corporation/Java HotSpot(TM) 64-Bit Server VM/1.8.0_65/25.65-b01]
[2017-02-10T16:53:25,394][INFO ][o.e.p.PluginsService     ] [PtNw1GT] loaded module [aggs-matrix-stats]
[2017-02-10T16:53:25,395][INFO ][o.e.p.PluginsService     ] [PtNw1GT] loaded module [ingest-common]
[2017-02-10T16:53:25,395][INFO ][o.e.p.PluginsService     ] [PtNw1GT] loaded module [lang-expression]
[2017-02-10T16:53:25,395][INFO ][o.e.p.PluginsService     ] [PtNw1GT] loaded module [lang-groovy]
[2017-02-10T16:53:25,395][INFO ][o.e.p.PluginsService     ] [PtNw1GT] loaded module [lang-mustache]
[2017-02-10T16:53:25,395][INFO ][o.e.p.PluginsService     ] [PtNw1GT] loaded module [lang-painless]
[2017-02-10T16:53:25,395][INFO ][o.e.p.PluginsService     ] [PtNw1GT] loaded module [percolator]
[2017-02-10T16:53:25,396][INFO ][o.e.p.PluginsService     ] [PtNw1GT] loaded module [reindex]
[2017-02-10T16:53:25,396][INFO ][o.e.p.PluginsService     ] [PtNw1GT] loaded module [transport-netty3]
[2017-02-10T16:53:25,396][INFO ][o.e.p.PluginsService     ] [PtNw1GT] loaded module [transport-netty4]
[2017-02-10T16:53:25,397][INFO ][o.e.p.PluginsService     ] [PtNw1GT] no plugins loaded
[2017-02-10T16:53:28,136][INFO ][o.e.n.Node               ] initialized
[2017-02-10T16:53:28,137][INFO ][o.e.n.Node               ] [PtNw1GT] starting ...
[2017-02-10T16:53:28,691][INFO ][o.e.t.TransportService   ] [PtNw1GT] publish_address {127.0.0.1:9300}, bound_addresses {[fe80::1]:9300}, {[::1]:9300}, {127.0.0.1:9300}
[2017-02-10T16:53:31,778][INFO ][o.e.c.s.ClusterService   ] [PtNw1GT] new_master {PtNw1GT}{PtNw1GTpRdiP6ud6MWhDpw}{K2NzXkjSQPmXNr5Vv_udyg}{127.0.0.1}{127.0.0.1:9300}, reason: zen-disco-elected-as-master ([0] nodes joined)
[2017-02-10T16:53:31,814][INFO ][o.e.g.GatewayService     ] [PtNw1GT] recovered [0] indices into cluster_state
[2017-02-10T16:53:31,828][INFO ][o.e.h.HttpServer         ] [PtNw1GT] publish_address {127.0.0.1:9200}, bound_addresses {[fe80::1]:9200}, {[::1]:9200}, {127.0.0.1:9200}
[2017-02-10T16:53:31,828][INFO ][o.e.n.Node               ] [PtNw1GT] started
[2017-02-10T16:55:44,669][INFO ][o.e.n.Node               ] [PtNw1GT] stopping ...
[2017-02-10T16:55:44,688][INFO ][o.e.n.Node               ] [PtNw1GT] stopped
[2017-02-10T16:55:44,688][INFO ][o.e.n.Node               ] [PtNw1GT] closing ...
[2017-02-10T16:55:44,700][INFO ][o.e.n.Node               ] [PtNw1GT] closed
[2017-02-10T17:03:35,404][INFO ][o.e.n.Node               ] [] initializing ...
[2017-02-10T17:03:35,477][INFO ][o.e.e.NodeEnvironment    ] [PtNw1GT] using [1] data paths, mounts [[/ (/dev/disk0s2)]], net usable_space [36.4gb], net total_space [232.9gb], spins? [unknown], types [hfs]
[2017-02-10T17:03:35,478][INFO ][o.e.e.NodeEnvironment    ] [PtNw1GT] heap size [1.9gb], compressed ordinary object pointers [true]
[2017-02-10T17:03:35,480][INFO ][o.e.n.Node               ] node name [PtNw1GT] derived from node ID [PtNw1GTpRdiP6ud6MWhDpw]; set [node.name] to override
[2017-02-10T17:03:35,482][INFO ][o.e.n.Node               ] version[5.2.0], pid[15197], build[24e05b9/2017-01-24T19:52:35.800Z], OS[Mac OS X/10.12.3/x86_64], JVM[Oracle Corporation/Java HotSpot(TM) 64-Bit Server VM/1.8.0_65/25.65-b01]
[2017-02-10T17:03:36,498][INFO ][o.e.p.PluginsService     ] [PtNw1GT] loaded module [aggs-matrix-stats]
[2017-02-10T17:03:36,498][INFO ][o.e.p.PluginsService     ] [PtNw1GT] loaded module [ingest-common]
[2017-02-10T17:03:36,499][INFO ][o.e.p.PluginsService     ] [PtNw1GT] loaded module [lang-expression]
[2017-02-10T17:03:36,499][INFO ][o.e.p.PluginsService     ] [PtNw1GT] loaded module [lang-groovy]
[2017-02-10T17:03:36,499][INFO ][o.e.p.PluginsService     ] [PtNw1GT] loaded module [lang-mustache]
[2017-02-10T17:03:36,499][INFO ][o.e.p.PluginsService     ] [PtNw1GT] loaded module [lang-painless]
[2017-02-10T17:03:36,499][INFO ][o.e.p.PluginsService     ] [PtNw1GT] loaded module [percolator]
[2017-02-10T17:03:36,499][INFO ][o.e.p.PluginsService     ] [PtNw1GT] loaded module [reindex]
[2017-02-10T17:03:36,499][INFO ][o.e.p.PluginsService     ] [PtNw1GT] loaded module [transport-netty3]
[2017-02-10T17:03:36,500][INFO ][o.e.p.PluginsService     ] [PtNw1GT] loaded module [transport-netty4]
[2017-02-10T17:03:36,500][INFO ][o.e.p.PluginsService     ] [PtNw1GT] no plugins loaded
[2017-02-10T17:03:37,244][ERROR][o.e.b.Bootstrap          ] Exception
java.lang.IllegalArgumentException: unknown setting [es.node.data] did you mean [node.data]?
	at org.elasticsearch.common.settings.AbstractScopedSettings.validate(AbstractScopedSettings.java:276) ~[elasticsearch-5.2.0.jar:5.2.0]
	at org.elasticsearch.common.settings.AbstractScopedSettings.validate(AbstractScopedSettings.java:244) ~[elasticsearch-5.2.0.jar:5.2.0]
	at org.elasticsearch.common.settings.SettingsModule.<init>(SettingsModule.java:138) ~[elasticsearch-5.2.0.jar:5.2.0]
	at org.elasticsearch.node.Node.<init>(Node.java:328) ~[elasticsearch-5.2.0.jar:5.2.0]
	at org.elasticsearch.node.Node.<init>(Node.java:232) ~[elasticsearch-5.2.0.jar:5.2.0]
	at org.elasticsearch.bootstrap.Bootstrap$6.<init>(Bootstrap.java:241) ~[elasticsearch-5.2.0.jar:5.2.0]
	at org.elasticsearch.bootstrap.Bootstrap.setup(Bootstrap.java:241) ~[elasticsearch-5.2.0.jar:5.2.0]
	at org.elasticsearch.bootstrap.Bootstrap.init(Bootstrap.java:333) [elasticsearch-5.2.0.jar:5.2.0]
	at org.elasticsearch.bootstrap.Elasticsearch.init(Elasticsearch.java:121) [elasticsearch-5.2.0.jar:5.2.0]
	at org.elasticsearch.bootstrap.Elasticsearch.execute(Elasticsearch.java:112) [elasticsearch-5.2.0.jar:5.2.0]
	at org.elasticsearch.cli.SettingCommand.execute(SettingCommand.java:54) [elasticsearch-5.2.0.jar:5.2.0]
	at org.elasticsearch.cli.Command.mainWithoutErrorHandling(Command.java:122) [elasticsearch-5.2.0.jar:5.2.0]
	at org.elasticsearch.cli.Command.main(Command.java:88) [elasticsearch-5.2.0.jar:5.2.0]
	at org.elasticsearch.bootstrap.Elasticsearch.main(Elasticsearch.java:89) [elasticsearch-5.2.0.jar:5.2.0]
	at org.elasticsearch.bootstrap.Elasticsearch.main(Elasticsearch.java:82) [elasticsearch-5.2.0.jar:5.2.0]
	Suppressed: java.lang.IllegalArgumentException: unknown setting [es.node.master] did you mean [node.master]?
		at org.elasticsearch.common.settings.AbstractScopedSettings.validate(AbstractScopedSettings.java:276) ~[elasticsearch-5.2.0.jar:5.2.0]
		at org.elasticsearch.common.settings.AbstractScopedSettings.validate(AbstractScopedSettings.java:244) ~[elasticsearch-5.2.0.jar:5.2.0]
		at org.elasticsearch.common.settings.SettingsModule.<init>(SettingsModule.java:138) ~[elasticsearch-5.2.0.jar:5.2.0]
		at org.elasticsearch.node.Node.<init>(Node.java:328) ~[elasticsearch-5.2.0.jar:5.2.0]
		at org.elasticsearch.node.Node.<init>(Node.java:232) ~[elasticsearch-5.2.0.jar:5.2.0]
		at org.elasticsearch.bootstrap.Bootstrap$6.<init>(Bootstrap.java:241) ~[elasticsearch-5.2.0.jar:5.2.0]
		at org.elasticsearch.bootstrap.Bootstrap.setup(Bootstrap.java:241) ~[elasticsearch-5.2.0.jar:5.2.0]
		at org.elasticsearch.bootstrap.Bootstrap.init(Bootstrap.java:333) [elasticsearch-5.2.0.jar:5.2.0]
		at org.elasticsearch.bootstrap.Elasticsearch.init(Elasticsearch.java:121) [elasticsearch-5.2.0.jar:5.2.0]
		at org.elasticsearch.bootstrap.Elasticsearch.execute(Elasticsearch.java:112) [elasticsearch-5.2.0.jar:5.2.0]
		at org.elasticsearch.cli.SettingCommand.execute(SettingCommand.java:54) [elasticsearch-5.2.0.jar:5.2.0]
		at org.elasticsearch.cli.Command.mainWithoutErrorHandling(Command.java:122) [elasticsearch-5.2.0.jar:5.2.0]
		at org.elasticsearch.cli.Command.main(Command.java:88) [elasticsearch-5.2.0.jar:5.2.0]
		at org.elasticsearch.bootstrap.Elasticsearch.main(Elasticsearch.java:89) [elasticsearch-5.2.0.jar:5.2.0]
		at org.elasticsearch.bootstrap.Elasticsearch.main(Elasticsearch.java:82) [elasticsearch-5.2.0.jar:5.2.0]
	Suppressed: java.lang.IllegalArgumentException: unknown setting [es.node.name] did you mean [node.name]?
		at org.elasticsearch.common.settings.AbstractScopedSettings.validate(AbstractScopedSettings.java:276) ~[elasticsearch-5.2.0.jar:5.2.0]
		at org.elasticsearch.common.settings.AbstractScopedSettings.validate(AbstractScopedSettings.java:244) ~[elasticsearch-5.2.0.jar:5.2.0]
		at org.elasticsearch.common.settings.SettingsModule.<init>(SettingsModule.java:138) ~[elasticsearch-5.2.0.jar:5.2.0]
		at org.elasticsearch.node.Node.<init>(Node.java:328) ~[elasticsearch-5.2.0.jar:5.2.0]
		at org.elasticsearch.node.Node.<init>(Node.java:232) ~[elasticsearch-5.2.0.jar:5.2.0]
		at org.elasticsearch.bootstrap.Bootstrap$6.<init>(Bootstrap.java:241) ~[elasticsearch-5.2.0.jar:5.2.0]
		at org.elasticsearch.bootstrap.Bootstrap.setup(Bootstrap.java:241) ~[elasticsearch-5.2.0.jar:5.2.0]
		at org.elasticsearch.bootstrap.Bootstrap.init(Bootstrap.java:333) [elasticsearch-5.2.0.jar:5.2.0]
		at org.elasticsearch.bootstrap.Elasticsearch.init(Elasticsearch.java:121) [elasticsearch-5.2.0.jar:5.2.0]
		at org.elasticsearch.bootstrap.Elasticsearch.execute(Elasticsearch.java:112) [elasticsearch-5.2.0.jar:5.2.0]
		at org.elasticsearch.cli.SettingCommand.execute(SettingCommand.java:54) [elasticsearch-5.2.0.jar:5.2.0]
		at org.elasticsearch.cli.Command.mainWithoutErrorHandling(Command.java:122) [elasticsearch-5.2.0.jar:5.2.0]
		at org.elasticsearch.cli.Command.main(Command.java:88) [elasticsearch-5.2.0.jar:5.2.0]
		at org.elasticsearch.bootstrap.Elasticsearch.main(Elasticsearch.java:89) [elasticsearch-5.2.0.jar:5.2.0]
		at org.elasticsearch.bootstrap.Elasticsearch.main(Elasticsearch.java:82) [elasticsearch-5.2.0.jar:5.2.0]
[2017-02-10T17:03:37,252][WARN ][o.e.b.ElasticsearchUncaughtExceptionHandler] [] uncaught exception in thread [main]
org.elasticsearch.bootstrap.StartupException: java.lang.IllegalArgumentException: unknown setting [es.node.data] did you mean [node.data]?
	at org.elasticsearch.bootstrap.Elasticsearch.init(Elasticsearch.java:125) ~[elasticsearch-5.2.0.jar:5.2.0]
	at org.elasticsearch.bootstrap.Elasticsearch.execute(Elasticsearch.java:112) ~[elasticsearch-5.2.0.jar:5.2.0]
	at org.elasticsearch.cli.SettingCommand.execute(SettingCommand.java:54) ~[elasticsearch-5.2.0.jar:5.2.0]
	at org.elasticsearch.cli.Command.mainWithoutErrorHandling(Command.java:122) ~[elasticsearch-5.2.0.jar:5.2.0]
	at org.elasticsearch.cli.Command.main(Command.java:88) ~[elasticsearch-5.2.0.jar:5.2.0]
	at org.elasticsearch.bootstrap.Elasticsearch.main(Elasticsearch.java:89) ~[elasticsearch-5.2.0.jar:5.2.0]
	at org.elasticsearch.bootstrap.Elasticsearch.main(Elasticsearch.java:82) ~[elasticsearch-5.2.0.jar:5.2.0]
Caused by: java.lang.IllegalArgumentException: unknown setting [es.node.data] did you mean [node.data]?
	at org.elasticsearch.common.settings.AbstractScopedSettings.validate(AbstractScopedSettings.java:276) ~[elasticsearch-5.2.0.jar:5.2.0]
	at org.elasticsearch.common.settings.AbstractScopedSettings.validate(AbstractScopedSettings.java:244) ~[elasticsearch-5.2.0.jar:5.2.0]
	at org.elasticsearch.common.settings.SettingsModule.<init>(SettingsModule.java:138) ~[elasticsearch-5.2.0.jar:5.2.0]
	at org.elasticsearch.node.Node.<init>(Node.java:328) ~[elasticsearch-5.2.0.jar:5.2.0]
	at org.elasticsearch.node.Node.<init>(Node.java:232) ~[elasticsearch-5.2.0.jar:5.2.0]
	at org.elasticsearch.bootstrap.Bootstrap$6.<init>(Bootstrap.java:241) ~[elasticsearch-5.2.0.jar:5.2.0]
	at org.elasticsearch.bootstrap.Bootstrap.setup(Bootstrap.java:241) ~[elasticsearch-5.2.0.jar:5.2.0]
	at org.elasticsearch.bootstrap.Bootstrap.init(Bootstrap.java:333) ~[elasticsearch-5.2.0.jar:5.2.0]
	at org.elasticsearch.bootstrap.Elasticsearch.init(Elasticsearch.java:121) ~[elasticsearch-5.2.0.jar:5.2.0]
	... 6 more
	Suppressed: java.lang.IllegalArgumentException: unknown setting [es.node.master] did you mean [node.master]?
		at org.elasticsearch.common.settings.AbstractScopedSettings.validate(AbstractScopedSettings.java:276) ~[elasticsearch-5.2.0.jar:5.2.0]
		at org.elasticsearch.common.settings.AbstractScopedSettings.validate(AbstractScopedSettings.java:244) ~[elasticsearch-5.2.0.jar:5.2.0]
		at org.elasticsearch.common.settings.SettingsModule.<init>(SettingsModule.java:138) ~[elasticsearch-5.2.0.jar:5.2.0]
		at org.elasticsearch.node.Node.<init>(Node.java:328) ~[elasticsearch-5.2.0.jar:5.2.0]
		at org.elasticsearch.node.Node.<init>(Node.java:232) ~[elasticsearch-5.2.0.jar:5.2.0]
		at org.elasticsearch.bootstrap.Bootstrap$6.<init>(Bootstrap.java:241) ~[elasticsearch-5.2.0.jar:5.2.0]
		at org.elasticsearch.bootstrap.Bootstrap.setup(Bootstrap.java:241) ~[elasticsearch-5.2.0.jar:5.2.0]
		at org.elasticsearch.bootstrap.Bootstrap.init(Bootstrap.java:333) ~[elasticsearch-5.2.0.jar:5.2.0]
		at org.elasticsearch.bootstrap.Elasticsearch.init(Elasticsearch.java:121) ~[elasticsearch-5.2.0.jar:5.2.0]
		at org.elasticsearch.bootstrap.Elasticsearch.execute(Elasticsearch.java:112) ~[elasticsearch-5.2.0.jar:5.2.0]
		at org.elasticsearch.cli.SettingCommand.execute(SettingCommand.java:54) ~[elasticsearch-5.2.0.jar:5.2.0]
		at org.elasticsearch.cli.Command.mainWithoutErrorHandling(Command.java:122) ~[elasticsearch-5.2.0.jar:5.2.0]
		at org.elasticsearch.cli.Command.main(Command.java:88) ~[elasticsearch-5.2.0.jar:5.2.0]
		at org.elasticsearch.bootstrap.Elasticsearch.main(Elasticsearch.java:89) ~[elasticsearch-5.2.0.jar:5.2.0]
		at org.elasticsearch.bootstrap.Elasticsearch.main(Elasticsearch.java:82) ~[elasticsearch-5.2.0.jar:5.2.0]
	Suppressed: java.lang.IllegalArgumentException: unknown setting [es.node.name] did you mean [node.name]?
		at org.elasticsearch.common.settings.AbstractScopedSettings.validate(AbstractScopedSettings.java:276) ~[elasticsearch-5.2.0.jar:5.2.0]
		at org.elasticsearch.common.settings.AbstractScopedSettings.validate(AbstractScopedSettings.java:244) ~[elasticsearch-5.2.0.jar:5.2.0]
		at org.elasticsearch.common.settings.SettingsModule.<init>(SettingsModule.java:138) ~[elasticsearch-5.2.0.jar:5.2.0]
		at org.elasticsearch.node.Node.<init>(Node.java:328) ~[elasticsearch-5.2.0.jar:5.2.0]
		at org.elasticsearch.node.Node.<init>(Node.java:232) ~[elasticsearch-5.2.0.jar:5.2.0]
		at org.elasticsearch.bootstrap.Bootstrap$6.<init>(Bootstrap.java:241) ~[elasticsearch-5.2.0.jar:5.2.0]
		at org.elasticsearch.bootstrap.Bootstrap.setup(Bootstrap.java:241) ~[elasticsearch-5.2.0.jar:5.2.0]
		at org.elasticsearch.bootstrap.Bootstrap.init(Bootstrap.java:333) ~[elasticsearch-5.2.0.jar:5.2.0]
		at org.elasticsearch.bootstrap.Elasticsearch.init(Elasticsearch.java:121) ~[elasticsearch-5.2.0.jar:5.2.0]
		at org.elasticsearch.bootstrap.Elasticsearch.execute(Elasticsearch.java:112) ~[elasticsearch-5.2.0.jar:5.2.0]
		at org.elasticsearch.cli.SettingCommand.execute(SettingCommand.java:54) ~[elasticsearch-5.2.0.jar:5.2.0]
		at org.elasticsearch.cli.Command.mainWithoutErrorHandling(Command.java:122) ~[elasticsearch-5.2.0.jar:5.2.0]
		at org.elasticsearch.cli.Command.main(Command.java:88) ~[elasticsearch-5.2.0.jar:5.2.0]
		at org.elasticsearch.bootstrap.Elasticsearch.main(Elasticsearch.java:89) ~[elasticsearch-5.2.0.jar:5.2.0]
		at org.elasticsearch.bootstrap.Elasticsearch.main(Elasticsearch.java:82) ~[elasticsearch-5.2.0.jar:5.2.0]
[2017-02-10T17:04:18,386][INFO ][o.e.n.Node               ] [NoData] initializing ...
[2017-02-10T17:04:18,471][INFO ][o.e.e.NodeEnvironment    ] [NoData] using [1] data paths, mounts [[/ (/dev/disk0s2)]], net usable_space [36.4gb], net total_space [232.9gb], spins? [unknown], types [hfs]
[2017-02-10T17:04:18,471][INFO ][o.e.e.NodeEnvironment    ] [NoData] heap size [1.9gb], compressed ordinary object pointers [true]
[2017-02-10T17:04:18,473][INFO ][o.e.n.Node               ] [NoData] node name [NoData], node ID [PtNw1GTpRdiP6ud6MWhDpw]
[2017-02-10T17:04:18,475][INFO ][o.e.n.Node               ] [NoData] version[5.2.0], pid[15308], build[24e05b9/2017-01-24T19:52:35.800Z], OS[Mac OS X/10.12.3/x86_64], JVM[Oracle Corporation/Java HotSpot(TM) 64-Bit Server VM/1.8.0_65/25.65-b01]
[2017-02-10T17:04:19,521][INFO ][o.e.p.PluginsService     ] [NoData] loaded module [aggs-matrix-stats]
[2017-02-10T17:04:19,521][INFO ][o.e.p.PluginsService     ] [NoData] loaded module [ingest-common]
[2017-02-10T17:04:19,522][INFO ][o.e.p.PluginsService     ] [NoData] loaded module [lang-expression]
[2017-02-10T17:04:19,522][INFO ][o.e.p.PluginsService     ] [NoData] loaded module [lang-groovy]
[2017-02-10T17:04:19,522][INFO ][o.e.p.PluginsService     ] [NoData] loaded module [lang-mustache]
[2017-02-10T17:04:19,522][INFO ][o.e.p.PluginsService     ] [NoData] loaded module [lang-painless]
[2017-02-10T17:04:19,523][INFO ][o.e.p.PluginsService     ] [NoData] loaded module [percolator]
[2017-02-10T17:04:19,523][INFO ][o.e.p.PluginsService     ] [NoData] loaded module [reindex]
[2017-02-10T17:04:19,523][INFO ][o.e.p.PluginsService     ] [NoData] loaded module [transport-netty3]
[2017-02-10T17:04:19,524][INFO ][o.e.p.PluginsService     ] [NoData] loaded module [transport-netty4]
[2017-02-10T17:04:19,525][INFO ][o.e.p.PluginsService     ] [NoData] no plugins loaded
[2017-02-10T17:04:21,946][INFO ][o.e.n.Node               ] [NoData] initialized
[2017-02-10T17:04:21,946][INFO ][o.e.n.Node               ] [NoData] starting ...
[2017-02-10T17:04:22,216][INFO ][o.e.t.TransportService   ] [NoData] publish_address {127.0.0.1:9300}, bound_addresses {[fe80::1]:9300}, {[::1]:9300}, {127.0.0.1:9300}
[2017-02-10T17:04:25,366][INFO ][o.e.c.s.ClusterService   ] [NoData] new_master {NoData}{PtNw1GTpRdiP6ud6MWhDpw}{pRq0-ZaHRBSdhvwHP81czQ}{127.0.0.1}{127.0.0.1:9300}, reason: zen-disco-elected-as-master ([0] nodes joined)
[2017-02-10T17:04:25,420][INFO ][o.e.h.HttpServer         ] [NoData] publish_address {127.0.0.1:9200}, bound_addresses {[fe80::1]:9200}, {[::1]:9200}, {127.0.0.1:9200}
[2017-02-10T17:04:25,424][INFO ][o.e.n.Node               ] [NoData] started
[2017-02-10T17:04:25,431][INFO ][o.e.g.GatewayService     ] [NoData] recovered [0] indices into cluster_state
[2017-02-10T17:04:31,794][INFO ][o.e.n.Node               ] [NoData] stopping ...
[2017-02-10T17:04:31,812][INFO ][o.e.n.Node               ] [NoData] stopped
[2017-02-10T17:04:31,812][INFO ][o.e.n.Node               ] [NoData] closing ...
[2017-02-10T17:04:31,823][INFO ][o.e.n.Node               ] [NoData] closed
[2017-02-10T17:13:24,580][INFO ][o.e.n.Node               ] [NoData] initializing ...
[2017-02-10T17:13:24,667][INFO ][o.e.e.NodeEnvironment    ] [NoData] using [1] data paths, mounts [[/ (/dev/disk0s2)]], net usable_space [36.3gb], net total_space [232.9gb], spins? [unknown], types [hfs]
[2017-02-10T17:13:24,668][INFO ][o.e.e.NodeEnvironment    ] [NoData] heap size [1.9gb], compressed ordinary object pointers [true]
[2017-02-10T17:13:24,669][INFO ][o.e.n.Node               ] [NoData] node name [NoData], node ID [PtNw1GTpRdiP6ud6MWhDpw]
[2017-02-10T17:13:24,671][INFO ][o.e.n.Node               ] [NoData] version[5.2.0], pid[16438], build[24e05b9/2017-01-24T19:52:35.800Z], OS[Mac OS X/10.12.3/x86_64], JVM[Oracle Corporation/Java HotSpot(TM) 64-Bit Server VM/1.8.0_65/25.65-b01]
[2017-02-10T17:13:25,690][INFO ][o.e.p.PluginsService     ] [NoData] loaded module [aggs-matrix-stats]
[2017-02-10T17:13:25,690][INFO ][o.e.p.PluginsService     ] [NoData] loaded module [ingest-common]
[2017-02-10T17:13:25,690][INFO ][o.e.p.PluginsService     ] [NoData] loaded module [lang-expression]
[2017-02-10T17:13:25,690][INFO ][o.e.p.PluginsService     ] [NoData] loaded module [lang-groovy]
[2017-02-10T17:13:25,690][INFO ][o.e.p.PluginsService     ] [NoData] loaded module [lang-mustache]
[2017-02-10T17:13:25,690][INFO ][o.e.p.PluginsService     ] [NoData] loaded module [lang-painless]
[2017-02-10T17:13:25,691][INFO ][o.e.p.PluginsService     ] [NoData] loaded module [percolator]
[2017-02-10T17:13:25,691][INFO ][o.e.p.PluginsService     ] [NoData] loaded module [reindex]
[2017-02-10T17:13:25,691][INFO ][o.e.p.PluginsService     ] [NoData] loaded module [transport-netty3]
[2017-02-10T17:13:25,691][INFO ][o.e.p.PluginsService     ] [NoData] loaded module [transport-netty4]
[2017-02-10T17:13:25,692][INFO ][o.e.p.PluginsService     ] [NoData] no plugins loaded
[2017-02-10T17:13:27,883][INFO ][o.e.n.Node               ] [NoData] initialized
[2017-02-10T17:13:27,884][INFO ][o.e.n.Node               ] [NoData] starting ...
[2017-02-10T17:13:28,176][INFO ][o.e.t.TransportService   ] [NoData] publish_address {127.0.0.1:9300}, bound_addresses {[fe80::1]:9300}, {[::1]:9300}, {127.0.0.1:9300}
[2017-02-10T17:13:31,243][INFO ][o.e.c.s.ClusterService   ] [NoData] new_master {NoData}{PtNw1GTpRdiP6ud6MWhDpw}{uaAqS9SeRNuRCS2eolf5kw}{127.0.0.1}{127.0.0.1:9300}, reason: zen-disco-elected-as-master ([0] nodes joined)
[2017-02-10T17:13:31,267][INFO ][o.e.h.HttpServer         ] [NoData] publish_address {127.0.0.1:9200}, bound_addresses {[fe80::1]:9200}, {[::1]:9200}, {127.0.0.1:9200}
[2017-02-10T17:13:31,267][INFO ][o.e.n.Node               ] [NoData] started
[2017-02-10T17:13:31,278][INFO ][o.e.g.GatewayService     ] [NoData] recovered [0] indices into cluster_state
[2017-02-10T17:13:42,818][INFO ][o.e.n.Node               ] [NoData] stopping ...
[2017-02-10T17:13:42,833][INFO ][o.e.n.Node               ] [NoData] stopped
[2017-02-10T17:13:42,834][INFO ][o.e.n.Node               ] [NoData] closing ...
[2017-02-10T17:13:42,842][INFO ][o.e.n.Node               ] [NoData] closed
[2017-02-10T17:17:44,221][INFO ][o.e.n.Node               ] [NoData] initializing ...
[2017-02-10T17:17:44,317][INFO ][o.e.e.NodeEnvironment    ] [NoData] using [1] data paths, mounts [[/ (/dev/disk0s2)]], net usable_space [36.3gb], net total_space [232.9gb], spins? [unknown], types [hfs]
[2017-02-10T17:17:44,317][INFO ][o.e.e.NodeEnvironment    ] [NoData] heap size [1.9gb], compressed ordinary object pointers [true]
[2017-02-10T17:17:44,319][INFO ][o.e.n.Node               ] [NoData] node name [NoData], node ID [PtNw1GTpRdiP6ud6MWhDpw]
[2017-02-10T17:17:44,321][INFO ][o.e.n.Node               ] [NoData] version[5.2.0], pid[16974], build[24e05b9/2017-01-24T19:52:35.800Z], OS[Mac OS X/10.12.3/x86_64], JVM[Oracle Corporation/Java HotSpot(TM) 64-Bit Server VM/1.8.0_65/25.65-b01]
[2017-02-10T17:17:45,355][INFO ][o.e.p.PluginsService     ] [NoData] loaded module [aggs-matrix-stats]
[2017-02-10T17:17:45,356][INFO ][o.e.p.PluginsService     ] [NoData] loaded module [ingest-common]
[2017-02-10T17:17:45,356][INFO ][o.e.p.PluginsService     ] [NoData] loaded module [lang-expression]
[2017-02-10T17:17:45,356][INFO ][o.e.p.PluginsService     ] [NoData] loaded module [lang-groovy]
[2017-02-10T17:17:45,356][INFO ][o.e.p.PluginsService     ] [NoData] loaded module [lang-mustache]
[2017-02-10T17:17:45,356][INFO ][o.e.p.PluginsService     ] [NoData] loaded module [lang-painless]
[2017-02-10T17:17:45,356][INFO ][o.e.p.PluginsService     ] [NoData] loaded module [percolator]
[2017-02-10T17:17:45,356][INFO ][o.e.p.PluginsService     ] [NoData] loaded module [reindex]
[2017-02-10T17:17:45,356][INFO ][o.e.p.PluginsService     ] [NoData] loaded module [transport-netty3]
[2017-02-10T17:17:45,357][INFO ][o.e.p.PluginsService     ] [NoData] loaded module [transport-netty4]
[2017-02-10T17:17:45,357][INFO ][o.e.p.PluginsService     ] [NoData] no plugins loaded
[2017-02-10T17:17:47,935][INFO ][o.e.n.Node               ] [NoData] initialized
[2017-02-10T17:17:47,936][INFO ][o.e.n.Node               ] [NoData] starting ...
[2017-02-10T17:17:48,283][INFO ][o.e.t.TransportService   ] [NoData] publish_address {127.0.0.1:9300}, bound_addresses {[fe80::1]:9300}, {[::1]:9300}, {127.0.0.1:9300}
[2017-02-10T17:17:51,363][INFO ][o.e.c.s.ClusterService   ] [NoData] new_master {NoData}{PtNw1GTpRdiP6ud6MWhDpw}{gFoIgjCVRKyECiKC0UENnw}{127.0.0.1}{127.0.0.1:9300}, reason: zen-disco-elected-as-master ([0] nodes joined)
[2017-02-10T17:17:51,398][INFO ][o.e.h.HttpServer         ] [NoData] publish_address {127.0.0.1:9200}, bound_addresses {[fe80::1]:9200}, {[::1]:9200}, {127.0.0.1:9200}
[2017-02-10T17:17:51,398][INFO ][o.e.n.Node               ] [NoData] started
[2017-02-10T17:17:51,410][INFO ][o.e.g.GatewayService     ] [NoData] recovered [0] indices into cluster_state
[2017-02-10T17:22:46,133][INFO ][o.e.c.m.MetaDataCreateIndexService] [NoData] [sw] creating index, cause [auto(index api)], templates [], shards [5]/[1], mappings []
[2017-02-10T17:24:16,191][WARN ][r.suppressed             ] path: /sw/people/1, params: {index=sw, id=1, type=people}
org.elasticsearch.action.UnavailableShardsException: [sw][3] primary shard is not active Timeout: [1m], request: [index {[sw][people][1], source[{"detail": "Not found"}]}]
	at org.elasticsearch.action.support.replication.TransportReplicationAction$ReroutePhase.retryBecauseUnavailable(TransportReplicationAction.java:838) [elasticsearch-5.2.0.jar:5.2.0]
	at org.elasticsearch.action.support.replication.TransportReplicationAction$ReroutePhase.retryIfUnavailable(TransportReplicationAction.java:675) [elasticsearch-5.2.0.jar:5.2.0]
	at org.elasticsearch.action.support.replication.TransportReplicationAction$ReroutePhase.doRun(TransportReplicationAction.java:628) [elasticsearch-5.2.0.jar:5.2.0]
	at org.elasticsearch.common.util.concurrent.AbstractRunnable.run(AbstractRunnable.java:37) [elasticsearch-5.2.0.jar:5.2.0]
	at org.elasticsearch.action.support.replication.TransportReplicationAction$ReroutePhase$2.onTimeout(TransportReplicationAction.java:792) [elasticsearch-5.2.0.jar:5.2.0]
	at org.elasticsearch.cluster.ClusterStateObserver$ContextPreservingListener.onTimeout(ClusterStateObserver.java:307) [elasticsearch-5.2.0.jar:5.2.0]
	at org.elasticsearch.cluster.ClusterStateObserver$ObserverClusterStateListener.onTimeout(ClusterStateObserver.java:237) [elasticsearch-5.2.0.jar:5.2.0]
	at org.elasticsearch.cluster.service.ClusterService$NotifyTimeout.run(ClusterService.java:1157) [elasticsearch-5.2.0.jar:5.2.0]
	at org.elasticsearch.common.util.concurrent.ThreadContext$ContextPreservingRunnable.run(ThreadContext.java:527) [elasticsearch-5.2.0.jar:5.2.0]
	at java.util.concurrent.ThreadPoolExecutor.runWorker(ThreadPoolExecutor.java:1142) [?:1.8.0_65]
	at java.util.concurrent.ThreadPoolExecutor$Worker.run(ThreadPoolExecutor.java:617) [?:1.8.0_65]
	at java.lang.Thread.run(Thread.java:745) [?:1.8.0_65]
[2017-02-10T17:24:27,766][INFO ][o.e.n.Node               ] [NoData] stopping ...
[2017-02-10T17:24:27,775][WARN ][r.suppressed             ] path: /sw/people/1, params: {index=sw, id=1, type=people}
org.elasticsearch.node.NodeClosedException: node closed {NoData}{PtNw1GTpRdiP6ud6MWhDpw}{gFoIgjCVRKyECiKC0UENnw}{127.0.0.1}{127.0.0.1:9300}
	at org.elasticsearch.action.support.replication.TransportReplicationAction$ReroutePhase$2.onClusterServiceClose(TransportReplicationAction.java:786) [elasticsearch-5.2.0.jar:5.2.0]
	at org.elasticsearch.cluster.ClusterStateObserver$ContextPreservingListener.onClusterServiceClose(ClusterStateObserver.java:300) [elasticsearch-5.2.0.jar:5.2.0]
	at org.elasticsearch.cluster.ClusterStateObserver$ObserverClusterStateListener.onClose(ClusterStateObserver.java:223) [elasticsearch-5.2.0.jar:5.2.0]
	at org.elasticsearch.cluster.service.ClusterService.doStop(ClusterService.java:232) [elasticsearch-5.2.0.jar:5.2.0]
	at org.elasticsearch.common.component.AbstractLifecycleComponent.stop(AbstractLifecycleComponent.java:88) [elasticsearch-5.2.0.jar:5.2.0]
	at org.elasticsearch.node.Node.stop(Node.java:686) [elasticsearch-5.2.0.jar:5.2.0]
	at org.elasticsearch.node.Node.close(Node.java:708) [elasticsearch-5.2.0.jar:5.2.0]
	at org.apache.lucene.util.IOUtils.close(IOUtils.java:89) [lucene-core-6.4.0.jar:6.4.0 bbe4b08cc1fb673d0c3eb4b8455f23ddc1364124 - jim - 2017-01-17 15:57:29]
	at org.apache.lucene.util.IOUtils.close(IOUtils.java:76) [lucene-core-6.4.0.jar:6.4.0 bbe4b08cc1fb673d0c3eb4b8455f23ddc1364124 - jim - 2017-01-17 15:57:29]
	at org.elasticsearch.bootstrap.Bootstrap$5.run(Bootstrap.java:217) [elasticsearch-5.2.0.jar:5.2.0]
[2017-02-10T17:24:27,776][ERROR][i.n.u.c.D.rejectedExecution] Failed to submit a listener notification task. Event loop shut down?
java.util.concurrent.RejectedExecutionException: event executor terminated
	at io.netty.util.concurrent.SingleThreadEventExecutor.reject(SingleThreadEventExecutor.java:821) ~[netty-common-4.1.7.Final.jar:4.1.7.Final]
	at io.netty.util.concurrent.SingleThreadEventExecutor.offerTask(SingleThreadEventExecutor.java:327) ~[netty-common-4.1.7.Final.jar:4.1.7.Final]
	at io.netty.util.concurrent.SingleThreadEventExecutor.addTask(SingleThreadEventExecutor.java:320) ~[netty-common-4.1.7.Final.jar:4.1.7.Final]
	at io.netty.util.concurrent.SingleThreadEventExecutor.execute(SingleThreadEventExecutor.java:746) ~[netty-common-4.1.7.Final.jar:4.1.7.Final]
	at io.netty.util.concurrent.DefaultPromise.safeExecute(DefaultPromise.java:760) [netty-common-4.1.7.Final.jar:4.1.7.Final]
	at io.netty.util.concurrent.DefaultPromise.notifyListeners(DefaultPromise.java:428) [netty-common-4.1.7.Final.jar:4.1.7.Final]
	at io.netty.util.concurrent.DefaultPromise.setFailure(DefaultPromise.java:113) [netty-common-4.1.7.Final.jar:4.1.7.Final]
	at io.netty.channel.DefaultChannelPromise.setFailure(DefaultChannelPromise.java:87) [netty-transport-4.1.7.Final.jar:4.1.7.Final]
	at io.netty.channel.AbstractChannelHandlerContext.safeExecute(AbstractChannelHandlerContext.java:1011) [netty-transport-4.1.7.Final.jar:4.1.7.Final]
	at io.netty.channel.AbstractChannelHandlerContext.write(AbstractChannelHandlerContext.java:826) [netty-transport-4.1.7.Final.jar:4.1.7.Final]
	at io.netty.channel.AbstractChannelHandlerContext.writeAndFlush(AbstractChannelHandlerContext.java:795) [netty-transport-4.1.7.Final.jar:4.1.7.Final]
	at io.netty.channel.AbstractChannelHandlerContext.writeAndFlush(AbstractChannelHandlerContext.java:832) [netty-transport-4.1.7.Final.jar:4.1.7.Final]
	at io.netty.channel.DefaultChannelPipeline.writeAndFlush(DefaultChannelPipeline.java:1032) [netty-transport-4.1.7.Final.jar:4.1.7.Final]
	at io.netty.channel.AbstractChannel.writeAndFlush(AbstractChannel.java:296) [netty-transport-4.1.7.Final.jar:4.1.7.Final]
	at org.elasticsearch.http.netty4.Netty4HttpChannel.sendResponse(Netty4HttpChannel.java:138) [transport-netty4-5.2.0.jar:5.2.0]
	at org.elasticsearch.http.HttpServer$ResourceHandlingHttpChannel.sendResponse(HttpServer.java:189) [elasticsearch-5.2.0.jar:5.2.0]
	at org.elasticsearch.rest.action.RestActionListener.onFailure(RestActionListener.java:58) [elasticsearch-5.2.0.jar:5.2.0]
	at org.elasticsearch.action.support.TransportAction$1.onFailure(TransportAction.java:97) [elasticsearch-5.2.0.jar:5.2.0]
	at org.elasticsearch.action.support.replication.TransportReplicationAction$ReroutePhase.finishAsFailed(TransportReplicationAction.java:803) [elasticsearch-5.2.0.jar:5.2.0]
	at org.elasticsearch.action.support.replication.TransportReplicationAction$ReroutePhase$2.onClusterServiceClose(TransportReplicationAction.java:786) [elasticsearch-5.2.0.jar:5.2.0]
	at org.elasticsearch.cluster.ClusterStateObserver$ContextPreservingListener.onClusterServiceClose(ClusterStateObserver.java:300) [elasticsearch-5.2.0.jar:5.2.0]
	at org.elasticsearch.cluster.ClusterStateObserver$ObserverClusterStateListener.onClose(ClusterStateObserver.java:223) [elasticsearch-5.2.0.jar:5.2.0]
	at org.elasticsearch.cluster.service.ClusterService.doStop(ClusterService.java:232) [elasticsearch-5.2.0.jar:5.2.0]
	at org.elasticsearch.common.component.AbstractLifecycleComponent.stop(AbstractLifecycleComponent.java:88) [elasticsearch-5.2.0.jar:5.2.0]
	at org.elasticsearch.node.Node.stop(Node.java:686) [elasticsearch-5.2.0.jar:5.2.0]
	at org.elasticsearch.node.Node.close(Node.java:708) [elasticsearch-5.2.0.jar:5.2.0]
	at org.apache.lucene.util.IOUtils.close(IOUtils.java:89) [lucene-core-6.4.0.jar:6.4.0 bbe4b08cc1fb673d0c3eb4b8455f23ddc1364124 - jim - 2017-01-17 15:57:29]
	at org.apache.lucene.util.IOUtils.close(IOUtils.java:76) [lucene-core-6.4.0.jar:6.4.0 bbe4b08cc1fb673d0c3eb4b8455f23ddc1364124 - jim - 2017-01-17 15:57:29]
	at org.elasticsearch.bootstrap.Bootstrap$5.run(Bootstrap.java:217) [elasticsearch-5.2.0.jar:5.2.0]
[2017-02-10T17:24:27,782][INFO ][o.e.n.Node               ] [NoData] stopped
[2017-02-10T17:24:27,782][INFO ][o.e.n.Node               ] [NoData] closing ...
[2017-02-10T17:24:27,790][INFO ][o.e.n.Node               ] [NoData] closed
[2017-02-10T17:24:54,446][INFO ][o.e.n.Node               ] [DataOne] initializing ...
[2017-02-10T17:24:54,534][INFO ][o.e.e.NodeEnvironment    ] [DataOne] using [1] data paths, mounts [[/ (/dev/disk0s2)]], net usable_space [36.3gb], net total_space [232.9gb], spins? [unknown], types [hfs]
[2017-02-10T17:24:54,534][INFO ][o.e.e.NodeEnvironment    ] [DataOne] heap size [1.9gb], compressed ordinary object pointers [true]
[2017-02-10T17:24:54,544][INFO ][o.e.n.Node               ] [DataOne] node name [DataOne], node ID [PtNw1GTpRdiP6ud6MWhDpw]
[2017-02-10T17:24:54,547][INFO ][o.e.n.Node               ] [DataOne] version[5.2.0], pid[17849], build[24e05b9/2017-01-24T19:52:35.800Z], OS[Mac OS X/10.12.3/x86_64], JVM[Oracle Corporation/Java HotSpot(TM) 64-Bit Server VM/1.8.0_65/25.65-b01]
[2017-02-10T17:24:55,546][INFO ][o.e.p.PluginsService     ] [DataOne] loaded module [aggs-matrix-stats]
[2017-02-10T17:24:55,547][INFO ][o.e.p.PluginsService     ] [DataOne] loaded module [ingest-common]
[2017-02-10T17:24:55,547][INFO ][o.e.p.PluginsService     ] [DataOne] loaded module [lang-expression]
[2017-02-10T17:24:55,548][INFO ][o.e.p.PluginsService     ] [DataOne] loaded module [lang-groovy]
[2017-02-10T17:24:55,548][INFO ][o.e.p.PluginsService     ] [DataOne] loaded module [lang-mustache]
[2017-02-10T17:24:55,548][INFO ][o.e.p.PluginsService     ] [DataOne] loaded module [lang-painless]
[2017-02-10T17:24:55,548][INFO ][o.e.p.PluginsService     ] [DataOne] loaded module [percolator]
[2017-02-10T17:24:55,548][INFO ][o.e.p.PluginsService     ] [DataOne] loaded module [reindex]
[2017-02-10T17:24:55,548][INFO ][o.e.p.PluginsService     ] [DataOne] loaded module [transport-netty3]
[2017-02-10T17:24:55,549][INFO ][o.e.p.PluginsService     ] [DataOne] loaded module [transport-netty4]
[2017-02-10T17:24:55,549][INFO ][o.e.p.PluginsService     ] [DataOne] no plugins loaded
[2017-02-10T17:24:57,899][INFO ][o.e.n.Node               ] [DataOne] initialized
[2017-02-10T17:24:57,899][INFO ][o.e.n.Node               ] [DataOne] starting ...
[2017-02-10T17:24:58,224][INFO ][o.e.t.TransportService   ] [DataOne] publish_address {127.0.0.1:9300}, bound_addresses {[fe80::1]:9300}, {[::1]:9300}, {127.0.0.1:9300}
[2017-02-10T17:25:01,297][INFO ][o.e.c.s.ClusterService   ] [DataOne] new_master {DataOne}{PtNw1GTpRdiP6ud6MWhDpw}{DFTN2DVPRdW2wj8O7fqarQ}{127.0.0.1}{127.0.0.1:9300}, reason: zen-disco-elected-as-master ([0] nodes joined)
[2017-02-10T17:25:01,344][INFO ][o.e.h.HttpServer         ] [DataOne] publish_address {127.0.0.1:9200}, bound_addresses {[fe80::1]:9200}, {[::1]:9200}, {127.0.0.1:9200}
[2017-02-10T17:25:01,344][INFO ][o.e.n.Node               ] [DataOne] started
[2017-02-10T17:25:01,526][INFO ][o.e.g.GatewayService     ] [DataOne] recovered [1] indices into cluster_state
[2017-02-10T17:25:18,415][INFO ][o.e.c.m.MetaDataMappingService] [DataOne] [sw/tPK304UuSWqyvTMdNu9IEg] create_mapping [people]
